<?xml version="1.0" encoding="UTF-8"?>
<testsuite xmlns:xsi="http://www.w3.org/2001/XMLSchema-instance" xsi:noNamespaceSchemaLocation="https://maven.apache.org/surefire/maven-surefire-plugin/xsd/surefire-test-report.xsd" name="TestSuite" time="25.49" tests="3" errors="0" skipped="0" failures="0">
  <properties>
    <property name="gopherProxySet" value="false"/>
    <property name="awt.toolkit" value="sun.lwawt.macosx.LWCToolkit"/>
    <property name="java.specification.version" value="11"/>
    <property name="sun.cpu.isalist" value=""/>
    <property name="sun.jnu.encoding" value="UTF-8"/>
    <property name="java.class.path" value="/Users/mac/Documents/Selenium/04 - Maven Framework/maven-hybrid-framework/target/test-classes:/Users/mac/Documents/Selenium/04 - Maven Framework/maven-hybrid-framework/target/classes:/Users/mac/.m2/repository/org/testng/testng/6.14.3/testng-6.14.3.jar:/Users/mac/.m2/repository/com/beust/jcommander/1.72/jcommander-1.72.jar:/Users/mac/.m2/repository/org/apache-extras/beanshell/bsh/2.0b6/bsh-2.0b6.jar:/Users/mac/.m2/repository/org/seleniumhq/selenium/selenium-java/3.141.59/selenium-java-3.141.59.jar:/Users/mac/.m2/repository/org/seleniumhq/selenium/selenium-api/3.141.59/selenium-api-3.141.59.jar:/Users/mac/.m2/repository/org/seleniumhq/selenium/selenium-chrome-driver/3.141.59/selenium-chrome-driver-3.141.59.jar:/Users/mac/.m2/repository/org/seleniumhq/selenium/selenium-edge-driver/3.141.59/selenium-edge-driver-3.141.59.jar:/Users/mac/.m2/repository/org/seleniumhq/selenium/selenium-firefox-driver/3.141.59/selenium-firefox-driver-3.141.59.jar:/Users/mac/.m2/repository/org/seleniumhq/selenium/selenium-ie-driver/3.141.59/selenium-ie-driver-3.141.59.jar:/Users/mac/.m2/repository/org/seleniumhq/selenium/selenium-opera-driver/3.141.59/selenium-opera-driver-3.141.59.jar:/Users/mac/.m2/repository/org/seleniumhq/selenium/selenium-remote-driver/3.141.59/selenium-remote-driver-3.141.59.jar:/Users/mac/.m2/repository/org/seleniumhq/selenium/selenium-safari-driver/3.141.59/selenium-safari-driver-3.141.59.jar:/Users/mac/.m2/repository/net/bytebuddy/byte-buddy/1.8.15/byte-buddy-1.8.15.jar:/Users/mac/.m2/repository/org/apache/commons/commons-exec/1.3/commons-exec-1.3.jar:/Users/mac/.m2/repository/com/google/guava/guava/25.0-jre/guava-25.0-jre.jar:/Users/mac/.m2/repository/com/google/code/findbugs/jsr305/1.3.9/jsr305-1.3.9.jar:/Users/mac/.m2/repository/org/checkerframework/checker-compat-qual/2.0.0/checker-compat-qual-2.0.0.jar:/Users/mac/.m2/repository/com/google/errorprone/error_prone_annotations/2.1.3/error_prone_annotations-2.1.3.jar:/Users/mac/.m2/repository/com/google/j2objc/j2objc-annotations/1.1/j2objc-annotations-1.1.jar:/Users/mac/.m2/repository/org/codehaus/mojo/animal-sniffer-annotations/1.14/animal-sniffer-annotations-1.14.jar:/Users/mac/.m2/repository/com/squareup/okhttp3/okhttp/3.11.0/okhttp-3.11.0.jar:/Users/mac/.m2/repository/com/squareup/okio/okio/1.14.0/okio-1.14.0.jar:/Users/mac/.m2/repository/org/seleniumhq/selenium/selenium-support/3.141.59/selenium-support-3.141.59.jar:/Users/mac/.m2/repository/io/github/bonigarcia/webdrivermanager/5.2.1/webdrivermanager-5.2.1.jar:/Users/mac/.m2/repository/com/google/code/gson/gson/2.9.0/gson-2.9.0.jar:/Users/mac/.m2/repository/com/github/docker-java/docker-java/3.2.13/docker-java-3.2.13.jar:/Users/mac/.m2/repository/com/github/docker-java/docker-java-core/3.2.13/docker-java-core-3.2.13.jar:/Users/mac/.m2/repository/com/github/docker-java/docker-java-api/3.2.13/docker-java-api-3.2.13.jar:/Users/mac/.m2/repository/commons-io/commons-io/2.6/commons-io-2.6.jar:/Users/mac/.m2/repository/org/apache/commons/commons-compress/1.21/commons-compress-1.21.jar:/Users/mac/.m2/repository/org/bouncycastle/bcpkix-jdk15on/1.64/bcpkix-jdk15on-1.64.jar:/Users/mac/.m2/repository/org/bouncycastle/bcprov-jdk15on/1.64/bcprov-jdk15on-1.64.jar:/Users/mac/.m2/repository/com/github/docker-java/docker-java-transport-httpclient5/3.2.13/docker-java-transport-httpclient5-3.2.13.jar:/Users/mac/.m2/repository/com/github/docker-java/docker-java-transport/3.2.13/docker-java-transport-3.2.13.jar:/Users/mac/.m2/repository/net/java/dev/jna/jna/5.8.0/jna-5.8.0.jar:/Users/mac/.m2/repository/org/brotli/dec/0.1.2/dec-0.1.2.jar:/Users/mac/.m2/repository/org/apache/commons/commons-lang3/3.12.0/commons-lang3-3.12.0.jar:/Users/mac/.m2/repository/org/apache/httpcomponents/client5/httpclient5/5.1.3/httpclient5-5.1.3.jar:/Users/mac/.m2/repository/org/apache/httpcomponents/core5/httpcore5/5.1.3/httpcore5-5.1.3.jar:/Users/mac/.m2/repository/org/apache/httpcomponents/core5/httpcore5-h2/5.1.3/httpcore5-h2-5.1.3.jar:/Users/mac/.m2/repository/commons-codec/commons-codec/1.15/commons-codec-1.15.jar:/Users/mac/.m2/repository/org/uncommons/reportng/1.1.4/reportng-1.1.4.jar:/Users/mac/.m2/repository/velocity/velocity/1.4/velocity-1.4.jar:/Users/mac/.m2/repository/com/fasterxml/jackson/core/jackson-core/2.10.0/jackson-core-2.10.0.jar:/Users/mac/.m2/repository/com/fasterxml/jackson/core/jackson-databind/2.10.0/jackson-databind-2.10.0.jar:/Users/mac/.m2/repository/com/fasterxml/jackson/core/jackson-annotations/2.10.0/jackson-annotations-2.10.0.jar:/Users/mac/.m2/repository/com/aventstack/extentreports/5.0.8/extentreports-5.0.8.jar:/Users/mac/.m2/repository/io/reactivex/rxjava3/rxjava/3.0.4/rxjava-3.0.4.jar:/Users/mac/.m2/repository/org/reactivestreams/reactive-streams/1.0.3/reactive-streams-1.0.3.jar:/Users/mac/.m2/repository/org/freemarker/freemarker/2.3.30/freemarker-2.3.30.jar:/Users/mac/.m2/repository/org/projectlombok/lombok/1.18.12/lombok-1.18.12.jar:/Users/mac/.m2/repository/joda-time/joda-time/2.0/joda-time-2.0.jar:/Users/mac/.m2/repository/log4j/log4j/1.2.16/log4j-1.2.16.jar:/Users/mac/.m2/repository/org/slf4j/slf4j-api/1.7.24/slf4j-api-1.7.24.jar:/Users/mac/.m2/repository/velocity/velocity-dep/1.4/velocity-dep-1.4.jar:/Users/mac/.m2/repository/com/google/inject/guice/4.1.0/guice-4.1.0.jar:/Users/mac/.m2/repository/javax/inject/javax.inject/1/javax.inject-1.jar:/Users/mac/.m2/repository/aopalliance/aopalliance/1.0/aopalliance-1.0.jar:/Users/mac/.m2/repository/commons-logging/commons-logging/1.2/commons-logging-1.2.jar:/Users/mac/.m2/repository/com/github/javafaker/javafaker/1.0.1/javafaker-1.0.1.jar:/Users/mac/.m2/repository/org/yaml/snakeyaml/1.23/snakeyaml-1.23-android.jar:/Users/mac/.m2/repository/com/github/mifmif/generex/1.0.2/generex-1.0.2.jar:/Users/mac/.m2/repository/dk/brics/automaton/automaton/1.11-8/automaton-1.11-8.jar:/Users/mac/.m2/repository/io/qameta/allure/allure-testng/2.18.1/allure-testng-2.18.1.jar:/Users/mac/.m2/repository/io/qameta/allure/allure-java-commons/2.18.1/allure-java-commons-2.18.1.jar:/Users/mac/.m2/repository/io/qameta/allure/allure-model/2.18.1/allure-model-2.18.1.jar:/Users/mac/.m2/repository/io/qameta/allure/allure-test-filter/2.18.1/allure-test-filter-2.18.1.jar:/Users/mac/.m2/repository/org/aspectj/aspectjweaver/1.9.8/aspectjweaver-1.9.8.jar:/Users/mac/.m2/repository/org/aeonbits/owner/owner/1.0.12/owner-1.0.12.jar:"/>
    <property name="java.vm.vendor" value="Oracle Corporation"/>
    <property name="sun.arch.data.model" value="64"/>
    <property name="java.vendor.url" value="https://openjdk.java.net/"/>
    <property name="user.timezone" value=""/>
    <property name="java.vm.specification.version" value="11"/>
    <property name="os.name" value="Mac OS X"/>
    <property name="sun.java.launcher" value="SUN_STANDARD"/>
    <property name="user.country" value="VN"/>
    <property name="sun.boot.library.path" value="/Library/Java/JavaVirtualMachines/jdk-11.0.11.jdk/Contents/Home/lib"/>
    <property name="sun.java.command" value="/Users/mac/Documents/Selenium/04 - Maven Framework/maven-hybrid-framework/target/surefire/surefirebooter3921533618659158572.jar /Users/mac/Documents/Selenium/04 - Maven Framework/maven-hybrid-framework/target/surefire 2023-04-03T22-23-31_702-jvmRun1 surefire13893767233090900743tmp surefire_07055884594953582460tmp"/>
    <property name="http.nonProxyHosts" value="local|*.local|169.254/16|*.169.254/16"/>
    <property name="jdk.debug" value="release"/>
    <property name="surefire.test.class.path" value="/Users/mac/Documents/Selenium/04 - Maven Framework/maven-hybrid-framework/target/test-classes:/Users/mac/Documents/Selenium/04 - Maven Framework/maven-hybrid-framework/target/classes:/Users/mac/.m2/repository/org/testng/testng/6.14.3/testng-6.14.3.jar:/Users/mac/.m2/repository/com/beust/jcommander/1.72/jcommander-1.72.jar:/Users/mac/.m2/repository/org/apache-extras/beanshell/bsh/2.0b6/bsh-2.0b6.jar:/Users/mac/.m2/repository/org/seleniumhq/selenium/selenium-java/3.141.59/selenium-java-3.141.59.jar:/Users/mac/.m2/repository/org/seleniumhq/selenium/selenium-api/3.141.59/selenium-api-3.141.59.jar:/Users/mac/.m2/repository/org/seleniumhq/selenium/selenium-chrome-driver/3.141.59/selenium-chrome-driver-3.141.59.jar:/Users/mac/.m2/repository/org/seleniumhq/selenium/selenium-edge-driver/3.141.59/selenium-edge-driver-3.141.59.jar:/Users/mac/.m2/repository/org/seleniumhq/selenium/selenium-firefox-driver/3.141.59/selenium-firefox-driver-3.141.59.jar:/Users/mac/.m2/repository/org/seleniumhq/selenium/selenium-ie-driver/3.141.59/selenium-ie-driver-3.141.59.jar:/Users/mac/.m2/repository/org/seleniumhq/selenium/selenium-opera-driver/3.141.59/selenium-opera-driver-3.141.59.jar:/Users/mac/.m2/repository/org/seleniumhq/selenium/selenium-remote-driver/3.141.59/selenium-remote-driver-3.141.59.jar:/Users/mac/.m2/repository/org/seleniumhq/selenium/selenium-safari-driver/3.141.59/selenium-safari-driver-3.141.59.jar:/Users/mac/.m2/repository/net/bytebuddy/byte-buddy/1.8.15/byte-buddy-1.8.15.jar:/Users/mac/.m2/repository/org/apache/commons/commons-exec/1.3/commons-exec-1.3.jar:/Users/mac/.m2/repository/com/google/guava/guava/25.0-jre/guava-25.0-jre.jar:/Users/mac/.m2/repository/com/google/code/findbugs/jsr305/1.3.9/jsr305-1.3.9.jar:/Users/mac/.m2/repository/org/checkerframework/checker-compat-qual/2.0.0/checker-compat-qual-2.0.0.jar:/Users/mac/.m2/repository/com/google/errorprone/error_prone_annotations/2.1.3/error_prone_annotations-2.1.3.jar:/Users/mac/.m2/repository/com/google/j2objc/j2objc-annotations/1.1/j2objc-annotations-1.1.jar:/Users/mac/.m2/repository/org/codehaus/mojo/animal-sniffer-annotations/1.14/animal-sniffer-annotations-1.14.jar:/Users/mac/.m2/repository/com/squareup/okhttp3/okhttp/3.11.0/okhttp-3.11.0.jar:/Users/mac/.m2/repository/com/squareup/okio/okio/1.14.0/okio-1.14.0.jar:/Users/mac/.m2/repository/org/seleniumhq/selenium/selenium-support/3.141.59/selenium-support-3.141.59.jar:/Users/mac/.m2/repository/io/github/bonigarcia/webdrivermanager/5.2.1/webdrivermanager-5.2.1.jar:/Users/mac/.m2/repository/com/google/code/gson/gson/2.9.0/gson-2.9.0.jar:/Users/mac/.m2/repository/com/github/docker-java/docker-java/3.2.13/docker-java-3.2.13.jar:/Users/mac/.m2/repository/com/github/docker-java/docker-java-core/3.2.13/docker-java-core-3.2.13.jar:/Users/mac/.m2/repository/com/github/docker-java/docker-java-api/3.2.13/docker-java-api-3.2.13.jar:/Users/mac/.m2/repository/commons-io/commons-io/2.6/commons-io-2.6.jar:/Users/mac/.m2/repository/org/apache/commons/commons-compress/1.21/commons-compress-1.21.jar:/Users/mac/.m2/repository/org/bouncycastle/bcpkix-jdk15on/1.64/bcpkix-jdk15on-1.64.jar:/Users/mac/.m2/repository/org/bouncycastle/bcprov-jdk15on/1.64/bcprov-jdk15on-1.64.jar:/Users/mac/.m2/repository/com/github/docker-java/docker-java-transport-httpclient5/3.2.13/docker-java-transport-httpclient5-3.2.13.jar:/Users/mac/.m2/repository/com/github/docker-java/docker-java-transport/3.2.13/docker-java-transport-3.2.13.jar:/Users/mac/.m2/repository/net/java/dev/jna/jna/5.8.0/jna-5.8.0.jar:/Users/mac/.m2/repository/org/brotli/dec/0.1.2/dec-0.1.2.jar:/Users/mac/.m2/repository/org/apache/commons/commons-lang3/3.12.0/commons-lang3-3.12.0.jar:/Users/mac/.m2/repository/org/apache/httpcomponents/client5/httpclient5/5.1.3/httpclient5-5.1.3.jar:/Users/mac/.m2/repository/org/apache/httpcomponents/core5/httpcore5/5.1.3/httpcore5-5.1.3.jar:/Users/mac/.m2/repository/org/apache/httpcomponents/core5/httpcore5-h2/5.1.3/httpcore5-h2-5.1.3.jar:/Users/mac/.m2/repository/commons-codec/commons-codec/1.15/commons-codec-1.15.jar:/Users/mac/.m2/repository/org/uncommons/reportng/1.1.4/reportng-1.1.4.jar:/Users/mac/.m2/repository/velocity/velocity/1.4/velocity-1.4.jar:/Users/mac/.m2/repository/com/fasterxml/jackson/core/jackson-core/2.10.0/jackson-core-2.10.0.jar:/Users/mac/.m2/repository/com/fasterxml/jackson/core/jackson-databind/2.10.0/jackson-databind-2.10.0.jar:/Users/mac/.m2/repository/com/fasterxml/jackson/core/jackson-annotations/2.10.0/jackson-annotations-2.10.0.jar:/Users/mac/.m2/repository/com/aventstack/extentreports/5.0.8/extentreports-5.0.8.jar:/Users/mac/.m2/repository/io/reactivex/rxjava3/rxjava/3.0.4/rxjava-3.0.4.jar:/Users/mac/.m2/repository/org/reactivestreams/reactive-streams/1.0.3/reactive-streams-1.0.3.jar:/Users/mac/.m2/repository/org/freemarker/freemarker/2.3.30/freemarker-2.3.30.jar:/Users/mac/.m2/repository/org/projectlombok/lombok/1.18.12/lombok-1.18.12.jar:/Users/mac/.m2/repository/joda-time/joda-time/2.0/joda-time-2.0.jar:/Users/mac/.m2/repository/log4j/log4j/1.2.16/log4j-1.2.16.jar:/Users/mac/.m2/repository/org/slf4j/slf4j-api/1.7.24/slf4j-api-1.7.24.jar:/Users/mac/.m2/repository/velocity/velocity-dep/1.4/velocity-dep-1.4.jar:/Users/mac/.m2/repository/com/google/inject/guice/4.1.0/guice-4.1.0.jar:/Users/mac/.m2/repository/javax/inject/javax.inject/1/javax.inject-1.jar:/Users/mac/.m2/repository/aopalliance/aopalliance/1.0/aopalliance-1.0.jar:/Users/mac/.m2/repository/commons-logging/commons-logging/1.2/commons-logging-1.2.jar:/Users/mac/.m2/repository/com/github/javafaker/javafaker/1.0.1/javafaker-1.0.1.jar:/Users/mac/.m2/repository/org/yaml/snakeyaml/1.23/snakeyaml-1.23-android.jar:/Users/mac/.m2/repository/com/github/mifmif/generex/1.0.2/generex-1.0.2.jar:/Users/mac/.m2/repository/dk/brics/automaton/automaton/1.11-8/automaton-1.11-8.jar:/Users/mac/.m2/repository/io/qameta/allure/allure-testng/2.18.1/allure-testng-2.18.1.jar:/Users/mac/.m2/repository/io/qameta/allure/allure-java-commons/2.18.1/allure-java-commons-2.18.1.jar:/Users/mac/.m2/repository/io/qameta/allure/allure-model/2.18.1/allure-model-2.18.1.jar:/Users/mac/.m2/repository/io/qameta/allure/allure-test-filter/2.18.1/allure-test-filter-2.18.1.jar:/Users/mac/.m2/repository/org/aspectj/aspectjweaver/1.9.8/aspectjweaver-1.9.8.jar:/Users/mac/.m2/repository/org/aeonbits/owner/owner/1.0.12/owner-1.0.12.jar:"/>
    <property name="sun.cpu.endian" value="little"/>
    <property name="user.home" value="/Users/mac"/>
    <property name="user.language" value="en"/>
    <property name="java.specification.vendor" value="Oracle Corporation"/>
    <property name="java.version.date" value="2021-04-20"/>
    <property name="java.home" value="/Library/Java/JavaVirtualMachines/jdk-11.0.11.jdk/Contents/Home"/>
    <property name="file.separator" value="/"/>
    <property name="basedir" value="/Users/mac/Documents/Selenium/04 - Maven Framework/maven-hybrid-framework"/>
    <property name="java.vm.compressedOopsMode" value="Zero based"/>
    <property name="line.separator" value="&#10;"/>
    <property name="java.specification.name" value="Java Platform API Specification"/>
    <property name="java.vm.specification.vendor" value="Oracle Corporation"/>
    <property name="java.awt.graphicsenv" value="sun.awt.CGraphicsEnvironment"/>
    <property name="surefire.real.class.path" value="/Users/mac/Documents/Selenium/04 - Maven Framework/maven-hybrid-framework/target/surefire/surefirebooter3921533618659158572.jar"/>
    <property name="sun.management.compiler" value="HotSpot 64-Bit Tiered Compilers"/>
    <property name="ftp.nonProxyHosts" value="local|*.local|169.254/16|*.169.254/16"/>
    <property name="java.runtime.version" value="11.0.11+9-LTS-194"/>
    <property name="user.name" value="mac"/>
    <property name="path.separator" value=":"/>
    <property name="os.version" value="10.15.7"/>
    <property name="java.runtime.name" value="Java(TM) SE Runtime Environment"/>
    <property name="file.encoding" value="UTF-8"/>
    <property name="java.vm.name" value="Java HotSpot(TM) 64-Bit Server VM"/>
    <property name="java.vendor.version" value="18.9"/>
    <property name="localRepository" value="/Users/mac/.m2/repository"/>
    <property name="java.vendor.url.bug" value="https://bugreport.java.com/bugreport/"/>
    <property name="java.io.tmpdir" value="/var/folders/tq/17qrr2155f5dv8gtlh96fvn40000gn/T/"/>
    <property name="java.version" value="11.0.11"/>
    <property name="user.dir" value="/Users/mac/Documents/Selenium/04 - Maven Framework/maven-hybrid-framework"/>
    <property name="os.arch" value="x86_64"/>
    <property name="java.vm.specification.name" value="Java Virtual Machine Specification"/>
    <property name="java.awt.printerjob" value="sun.lwawt.macosx.CPrinterJob"/>
    <property name="sun.os.patch.level" value="unknown"/>
    <property name="java.library.path" value="/Users/mac/Library/Java/Extensions:/Library/Java/Extensions:/Network/Library/Java/Extensions:/System/Library/Java/Extensions:/usr/lib/java:."/>
    <property name="java.vendor" value="Oracle Corporation"/>
    <property name="java.vm.info" value="mixed mode"/>
    <property name="java.vm.version" value="11.0.11+9-LTS-194"/>
    <property name="sun.io.unicode.encoding" value="UnicodeBig"/>
    <property name="java.class.version" value="55.0"/>
    <property name="socksNonProxyHosts" value="local|*.local|169.254/16|*.169.254/16"/>
  </properties>
  <testcase name="User_01_Register" classname="com.nopcommerce.user.Level_22_Multiple_Environment_Owner" time="13.076"/>
  <testcase name="User_02_Login" classname="com.nopcommerce.user.Level_22_Multiple_Environment_Owner" time="1.572"/>
  <testcase name="User_03_My_Account" classname="com.nopcommerce.user.Level_22_Multiple_Environment_Owner" time="0.643"/>
</testsuite>