<?xml version="1.0" encoding="UTF-8"?>
<!-- Generated by org.testng.reporters.JUnitReportReporter -->
<testsuite hostname="192.168.1.4" failures="0" tests="3" name="com.nopcommerce.user.Level_22_Multiple_Environment_Owner" time="15.290" errors="0" timestamp="03 Apr 2023 15:23:59 GMT" skipped="0">
  <testcase classname="com.nopcommerce.user.Level_22_Multiple_Environment_Owner" name="User_03_My_Account" time="0.642"/>
  <testcase classname="com.nopcommerce.user.Level_22_Multiple_Environment_Owner" name="User_02_Login" time="1.573"/>
  <testcase classname="com.nopcommerce.user.Level_22_Multiple_Environment_Owner" name="User_01_Register" time="13.075"/>
</testsuite> <!-- com.nopcommerce.user.Level_22_Multiple_Environment_Owner -->
