<?xml version="1.0" encoding="UTF-8"?>
<!-- Generated by org.testng.reporters.JUnitReportReporter -->
<testsuite hostname="VL-HCM-LAP-MACVG3QC.local" failures="0" tests="3" name="com.nopcommerce.user.Level_22_Multiple_Environment_Owner" time="16.459" errors="0" timestamp="07 Feb 2023 08:19:17 GMT" skipped="0">
  <testcase classname="com.nopcommerce.user.Level_22_Multiple_Environment_Owner" name="User_03_My_Account" time="1.190"/>
  <testcase classname="com.nopcommerce.user.Level_22_Multiple_Environment_Owner" name="User_02_Login" time="2.206"/>
  <testcase classname="com.nopcommerce.user.Level_22_Multiple_Environment_Owner" name="User_01_Register" time="13.063"/>
</testsuite> <!-- com.nopcommerce.user.Level_22_Multiple_Environment_Owner -->
