<?xml version="1.0" encoding="UTF-8"?>
<!-- Generated by org.testng.reporters.JUnitReportReporter -->
<testsuite hostname="VL-HCM-LAP-MACVG3QC.local" failures="0" tests="3" name="com.nopcommerce.user.Level_22_Multiple_Environment_Owner" time="15.714" errors="0" timestamp="23 Mar 2023 05:41:45 GMT" skipped="0">
  <testcase classname="com.nopcommerce.user.Level_22_Multiple_Environment_Owner" name="User_03_My_Account" time="0.563"/>
  <testcase classname="com.nopcommerce.user.Level_22_Multiple_Environment_Owner" name="User_01_Register" time="13.606"/>
  <testcase classname="com.nopcommerce.user.Level_22_Multiple_Environment_Owner" name="User_02_Login" time="1.545"/>
</testsuite> <!-- com.nopcommerce.user.Level_22_Multiple_Environment_Owner -->
